<?xml version="1.0" encoding="UTF-8"?>
<!-- Generated by org.testng.reporters.JUnitReportReporter -->
<testsuite hostname="LAPTOP-A3F9S563" failures="0" tests="2" name="TestCases.CreateAccountTest" time="21.381" errors="0" timestamp="2021-04-22T16:59:29 IST" skipped="0">
  <testcase classname="TestCases.CreateAccountTest" name="createTest" time="11.716"/>
  <system-out/>
  <testcase classname="TestCases.CreateAccountTest" name="createTest" time="9.665"/>
  <system-out/>
</testsuite> <!-- TestCases.CreateAccountTest -->
