<?xml version="1.0" encoding="UTF-8"?>
<!-- Generated by org.testng.reporters.JUnitReportReporter -->
<testsuite hostname="LAPTOP-A3F9S563" failures="0" tests="1" name="TestCases.ActivitiesTest" time="28.465" errors="0" timestamp="2021-04-22T16:59:29 IST" skipped="0">
  <testcase classname="TestCases.ActivitiesTest" name="activitiesMainPageCheck" time="28.465"/>
  <system-out/>
</testsuite> <!-- TestCases.ActivitiesTest -->
