<?xml version="1.0" encoding="UTF-8"?>
<!-- Generated by org.testng.reporters.JUnitReportReporter -->
<testsuite hostname="LAPTOP-A3F9S563" failures="0" tests="2" name="TestCases.CreateAccountTest" time="23.301" errors="0" timestamp="2021-04-21T18:57:55 IST" skipped="0">
  <testcase classname="TestCases.CreateAccountTest" name="createTest" time="15.265"/>
  <system-out/>
  <testcase classname="TestCases.CreateAccountTest" name="createTest" time="8.036"/>
  <system-out/>
</testsuite> <!-- TestCases.CreateAccountTest -->
