<?xml version="1.0" encoding="UTF-8"?>
<!-- Generated by org.testng.reporters.JUnitReportReporter -->
<testsuite hostname="LAPTOP-A3F9S563" failures="0" tests="1" name="TestCases.CreateAccountTest" time="10.670" errors="0" timestamp="2021-04-20T22:48:46 IST" skipped="0">
  <testcase classname="TestCases.CreateAccountTest" name="createTest" time="10.670"/>
  <system-out/>
</testsuite> <!-- TestCases.CreateAccountTest -->
