<?xml version="1.0" encoding="UTF-8"?>
<!-- Generated by org.testng.reporters.JUnitReportReporter -->
<testsuite hostname="LAPTOP-A3F9S563" failures="0" tests="1" name="TestCases.FeedTest" time="2.729" errors="0" timestamp="2021-04-21T18:57:55 IST" skipped="0">
  <testcase classname="TestCases.FeedTest" name="feedTest" time="2.729"/>
  <system-out/>
</testsuite> <!-- TestCases.FeedTest -->
