<?xml version="1.0" encoding="UTF-8"?>
<!-- Generated by org.testng.reporters.JUnitReportReporter -->
<testsuite hostname="LAPTOP-A3F9S563" failures="0" tests="1" name="TestCases.LoginTest" time="10.363" errors="0" timestamp="2021-04-20T17:05:29 IST" skipped="0">
  <testcase classname="TestCases.LoginTest" name="loginTest" time="10.363"/>
  <system-out/>
</testsuite> <!-- TestCases.LoginTest -->
