<?xml version="1.0" encoding="UTF-8"?>
<!-- Generated by org.testng.reporters.JUnitReportReporter -->
<testsuite hostname="LAPTOP-A3F9S563" failures="0" tests="1" name="TestCases.LoginTest" time="9.761" errors="0" timestamp="2021-04-21T18:57:55 IST" skipped="0">
  <testcase classname="TestCases.LoginTest" name="loginTest" time="9.761"/>
  <system-out/>
</testsuite> <!-- TestCases.LoginTest -->
