<?xml version="1.0" encoding="UTF-8"?>
<!-- Generated by org.testng.reporters.JUnitReportReporter -->
<testsuite hostname="LAPTOP-A3F9S563" failures="0" tests="2" name="TestCases.CreateAccountTest" time="22.208" errors="0" timestamp="2021-04-23T18:30:52 IST" skipped="0">
  <testcase classname="TestCases.CreateAccountTest" name="createTest" time="9.960"/>
  <system-out/>
  <testcase classname="TestCases.CreateAccountTest" name="createTest" time="12.248"/>
  <system-out/>
</testsuite> <!-- TestCases.CreateAccountTest -->
